2020-12-22 15:06:40 INFO  Example:27 - opening browser with chrome
2020-12-22 15:06:46 INFO  Example:29 - opening osa
2020-12-22 15:06:59 INFO  Example:36 - clicking on forum button
2020-12-22 15:09:02 INFO  Example:27 - opening browser with chrome
2020-12-22 15:09:08 INFO  Example:29 - opening osa
2020-12-22 15:09:17 INFO  Example:36 - clicking on forum button
2020-12-22 15:10:21 INFO  Example:27 - opening browser with chrome
2020-12-22 15:10:28 INFO  Example:29 - opening osa
2020-12-22 15:10:34 INFO  Example:35 - clicking on forum button
2020-12-22 15:13:04 INFO  Example:27 - opening browser with chrome
2020-12-22 15:13:10 INFO  Example:29 - opening osa
2020-12-22 15:13:15 INFO  Example:35 - clicking on forum button
2020-12-22 15:14:52 INFO  Example:27 - opening browser with chrome
2020-12-22 15:14:58 INFO  Example:29 - opening osa
2020-12-22 15:15:04 INFO  Example:35 - clicking on forum button
2020-12-22 15:15:48 INFO  Example:27 - opening browser with chrome
2020-12-22 15:15:54 INFO  Example:29 - opening osa
2020-12-22 15:16:05 INFO  Example:36 - clicking on forum button
2020-12-22 15:17:06 INFO  Example:27 - opening browser with chrome
2020-12-22 15:17:12 INFO  Example:29 - opening osa
2020-12-22 15:17:28 INFO  Example:36 - clicking on forum button
2020-12-22 15:34:31 INFO  Example:27 - opening browser with chrome
2020-12-22 15:34:37 INFO  Example:29 - opening osa
2020-12-22 15:34:52 INFO  Example:36 - clicking on forum button
2020-12-22 15:39:31 INFO  Example:27 - opening browser with chrome
2020-12-22 15:39:37 INFO  Example:29 - opening osa
2020-12-22 15:39:51 INFO  Example:36 - clicking on forum button
2020-12-22 15:40:01 INFO  Example:45 - entering email
2020-12-22 15:42:22 INFO  Example:27 - opening browser with chrome
2020-12-22 15:42:28 INFO  Example:29 - opening osa
2020-12-22 15:42:43 INFO  Example:36 - clicking on forum button
2020-12-22 15:42:53 INFO  Example:45 - entering email
2020-12-22 15:44:15 INFO  Example:27 - opening browser with chrome
2020-12-22 15:44:21 INFO  Example:29 - opening osa
2020-12-22 15:44:35 INFO  Example:36 - clicking on forum button
2020-12-22 15:44:45 INFO  Example:45 - entering email
2020-12-22 15:44:55 INFO  Example:54 - entering password
2020-12-22 15:45:15 INFO  Example:63 - page verification
2020-12-22 15:46:50 INFO  Example:27 - opening browser with chrome
2020-12-22 15:46:56 INFO  Example:29 - opening osa
2020-12-22 15:47:11 INFO  Example:36 - clicking on forum button
2020-12-23 00:23:35 INFO  Example:28 - opening browser with chrome
2020-12-23 00:23:41 INFO  Example:30 - opening osa
2020-12-23 00:23:55 INFO  Example:37 - clicking on forum button
2020-12-23 00:29:46 INFO  Example:29 - opening browser with chrome
2020-12-23 00:29:52 INFO  Example:31 - opening osa
2020-12-23 00:30:06 INFO  Example:38 - clicking on forum button
2020-12-23 00:35:14 INFO  Example:29 - opening browser with chrome
2020-12-23 00:35:20 INFO  Example:31 - opening osa
2020-12-23 00:35:34 INFO  Example:38 - clicking on forum button
2020-12-23 00:37:38 INFO  Example:29 - opening browser with chrome
2020-12-23 00:37:44 INFO  Example:31 - opening osa
2020-12-23 00:37:59 INFO  Example:39 - clicking on forum button
2020-12-23 00:48:03 INFO  Example:29 - opening browser with chrome
2020-12-23 00:48:10 INFO  Example:31 - opening osa
2020-12-23 00:48:15 INFO  Example:40 - clicking on forum button
2020-12-23 00:50:23 INFO  Example:29 - opening browser with chrome
2020-12-23 00:50:29 INFO  Example:31 - opening osa
2020-12-23 00:50:35 INFO  Example:40 - clicking on forum button
2020-12-23 00:53:02 INFO  Example:29 - opening browser with chrome
2020-12-23 00:53:08 INFO  Example:31 - opening osa
2020-12-23 00:53:14 INFO  Example:40 - clicking on forum button
2020-12-23 00:55:02 INFO  Example:29 - opening browser with chrome
2020-12-23 00:55:08 INFO  Example:31 - opening osa
2020-12-23 00:55:13 INFO  Example:41 - clicking on forum button
2020-12-23 00:55:59 INFO  Example:29 - opening browser with chrome
2020-12-23 00:56:05 INFO  Example:31 - opening osa
2020-12-23 00:56:11 INFO  Example:41 - clicking on forum button
2020-12-23 00:56:46 INFO  Example:29 - opening browser with chrome
2020-12-23 00:56:52 INFO  Example:31 - opening osa
2020-12-23 00:57:08 INFO  Example:41 - clicking on forum button
2020-12-23 00:57:41 INFO  Example:29 - opening browser with chrome
2020-12-23 00:57:48 INFO  Example:31 - opening osa
2020-12-23 00:58:04 INFO  Example:41 - clicking on forum button
2020-12-23 00:58:50 INFO  Example:29 - opening browser with chrome
2020-12-23 00:58:57 INFO  Example:31 - opening osa
2020-12-23 00:59:12 INFO  Example:41 - clicking on forum button
2020-12-23 01:02:14 INFO  Example:29 - opening browser with chrome
2020-12-23 01:02:20 INFO  Example:31 - opening osa
2020-12-23 01:02:41 INFO  Example:41 - clicking on forum button
2020-12-23 01:04:32 INFO  Example:29 - opening browser with chrome
2020-12-23 01:04:39 INFO  Example:31 - opening osa
2020-12-23 01:04:56 INFO  Example:41 - clicking on forum button
2020-12-23 01:12:58 INFO  Example:29 - opening browser with chrome
2020-12-23 01:13:04 INFO  Example:31 - opening osa
2020-12-23 01:13:20 INFO  Example:41 - clicking on forum button
2020-12-23 01:15:12 INFO  Example:29 - opening browser with chrome
2020-12-23 01:15:18 INFO  Example:31 - opening osa
2020-12-23 01:15:32 INFO  Example:41 - clicking on forum button
2020-12-23 01:15:40 INFO  Example:50 - entering email
2020-12-23 01:15:50 INFO  Example:59 - entering password
2020-12-23 01:16:00 INFO  Example:68 - page verification
2020-12-23 01:18:07 INFO  Example:29 - opening browser with chrome
2020-12-23 01:18:14 INFO  Example:31 - opening osa
2020-12-23 01:18:29 INFO  Example:41 - clicking on forum button
2020-12-23 01:18:37 INFO  Example:50 - entering email
2020-12-23 01:18:47 INFO  Example:60 - entering password
2020-12-23 01:18:57 INFO  Example:69 - page verification
2020-12-23 01:26:18 INFO  Example:29 - opening browser with chrome
2020-12-23 01:26:24 INFO  Example:31 - opening osa
2020-12-23 01:26:40 INFO  Example:41 - clicking on forum button
2020-12-23 01:28:36 INFO  Example:29 - opening browser with chrome
2020-12-23 01:28:42 INFO  Example:31 - opening osa
2020-12-23 01:28:58 INFO  Example:41 - clicking on forum button
2020-12-23 01:30:42 INFO  Example:29 - opening browser with chrome
2020-12-23 01:30:48 INFO  Example:31 - opening osa
2020-12-23 01:31:04 INFO  Example:41 - clicking on forum button
2020-12-23 01:31:44 INFO  Example:29 - opening browser with chrome
2020-12-23 01:31:50 INFO  Example:31 - opening osa
2020-12-23 01:32:07 INFO  Example:41 - clicking on forum button
2020-12-23 01:33:38 INFO  Example:29 - opening browser with chrome
2020-12-23 01:33:46 INFO  Example:31 - opening osa
2020-12-23 01:33:54 INFO  Example:41 - clicking on forum button
2020-12-23 01:34:16 INFO  Example:29 - opening browser with chrome
2020-12-23 01:34:23 INFO  Example:31 - opening osa
2020-12-23 01:34:31 INFO  Example:41 - clicking on forum button
2020-12-23 01:36:15 INFO  Example:29 - opening browser with chrome
2020-12-23 01:36:21 INFO  Example:31 - opening osa
2020-12-23 01:36:29 INFO  Example:41 - clicking on forum button
2020-12-23 01:38:00 INFO  Example:29 - opening browser with chrome
2020-12-23 01:38:07 INFO  Example:31 - opening osa
2020-12-23 01:38:13 INFO  Example:41 - clicking on forum button
2020-12-23 01:38:14 INFO  Example:50 - entering email
2020-12-23 01:39:09 INFO  Example:29 - opening browser with chrome
2020-12-23 01:39:15 INFO  Example:31 - opening osa
2020-12-23 01:39:23 INFO  Example:41 - clicking on forum button
2020-12-23 01:40:02 INFO  Example:29 - opening browser with chrome
2020-12-23 01:40:09 INFO  Example:31 - opening osa
2020-12-23 01:40:17 INFO  Example:41 - clicking on forum button
2020-12-23 01:41:09 INFO  Example:29 - opening browser with chrome
2020-12-23 01:41:16 INFO  Example:31 - opening osa
2020-12-23 01:41:24 INFO  Example:41 - clicking on forum button
2020-12-23 01:41:53 INFO  Example:29 - opening browser with chrome
2020-12-23 01:41:59 INFO  Example:31 - opening osa
2020-12-23 01:42:10 INFO  Example:41 - clicking on forum button
2020-12-23 01:42:56 INFO  Example:29 - opening browser with chrome
2020-12-23 01:43:02 INFO  Example:31 - opening osa
2020-12-23 01:43:07 INFO  Example:50 - entering email
2020-12-23 01:43:09 INFO  Example:60 - entering password
2020-12-23 01:43:19 INFO  Example:69 - page verification
2020-12-23 01:43:32 INFO  Example:29 - opening browser with chrome
2020-12-23 01:43:38 INFO  Example:31 - opening osa
2020-12-23 01:44:50 INFO  Example:29 - opening browser with chrome
2020-12-23 01:44:56 INFO  Example:31 - opening osa
2020-12-23 01:45:01 INFO  Example:50 - entering email
2020-12-23 01:45:03 INFO  Example:60 - entering password
2020-12-23 01:45:13 INFO  Example:69 - page verification
2020-12-23 01:45:26 INFO  Example:29 - opening browser with chrome
2020-12-23 01:45:32 INFO  Example:31 - opening osa
2020-12-23 01:46:01 INFO  Example:29 - opening browser with chrome
2020-12-23 01:46:07 INFO  Example:31 - opening osa
2020-12-23 01:46:32 INFO  Example:29 - opening browser with chrome
2020-12-23 01:46:38 INFO  Example:31 - opening osa
2020-12-23 01:46:59 INFO  Example:29 - opening browser with chrome
2020-12-23 01:47:05 INFO  Example:31 - opening osa
2020-12-23 01:47:10 INFO  Example:50 - entering email
2020-12-23 01:47:12 INFO  Example:60 - entering password
2020-12-23 01:47:22 INFO  Example:69 - page verification
2020-12-23 01:47:46 INFO  Example:29 - opening browser with chrome
2020-12-23 01:47:52 INFO  Example:31 - opening osa
2020-12-23 01:47:57 INFO  Example:50 - entering email
2020-12-23 01:48:00 INFO  Example:60 - entering password
2020-12-23 01:48:10 INFO  Example:69 - page verification
2020-12-23 01:49:06 INFO  Example:29 - opening browser with chrome
2020-12-23 01:49:13 INFO  Example:31 - opening osa
2020-12-23 01:49:19 INFO  Example:46 - clicking on forum button
2020-12-23 01:49:19 INFO  Example:51 - entering email
2020-12-23 01:49:22 INFO  Example:61 - entering password
2020-12-23 01:49:32 INFO  Example:70 - page verification
2020-12-23 01:49:58 INFO  Example:29 - opening browser with chrome
2020-12-23 01:50:06 INFO  Example:31 - opening osa
2020-12-23 01:50:11 INFO  Example:46 - clicking on forum button
2020-12-23 01:50:11 INFO  Example:51 - entering email
2020-12-23 01:50:13 INFO  Example:61 - entering password
2020-12-23 01:50:13 INFO  Example:70 - page verification
2020-12-23 01:52:31 INFO  Example:29 - opening browser with chrome
2020-12-23 01:52:38 INFO  Example:31 - opening osa
2020-12-23 01:52:43 INFO  Example:46 - clicking on forum button
2020-12-23 01:52:43 INFO  Example:51 - entering email
2020-12-23 01:52:45 INFO  Example:61 - entering password
2020-12-23 01:52:45 INFO  Example:70 - page verification
2020-12-23 15:50:38 INFO  Example:29 - opening browser with chrome
2020-12-23 15:50:45 INFO  Example:31 - opening osa
2020-12-23 15:50:52 INFO  Example:46 - clicking on forum button
2020-12-23 15:50:52 INFO  Example:51 - entering email
2020-12-23 15:50:54 INFO  Example:61 - entering password
2020-12-23 15:50:55 INFO  Example:70 - page verification
2020-12-23 16:35:01 INFO  Example:29 - opening browser with chrome
2020-12-23 16:35:08 INFO  Example:31 - opening osa
2020-12-23 16:35:13 INFO  Example:46 - clicking on forum button
2020-12-23 16:35:13 INFO  Example:51 - entering email
2020-12-23 16:35:15 INFO  Example:61 - entering password
2020-12-23 16:35:15 INFO  Example:70 - page verification
2020-12-24 19:43:27 INFO  Example:29 - opening browser with chrome
2020-12-24 19:43:33 INFO  Example:31 - opening osa
2020-12-24 19:43:39 INFO  Example:46 - clicking on forum button
2020-12-24 19:43:39 INFO  Example:51 - entering email
2020-12-24 19:43:41 INFO  Example:61 - entering password
2020-12-24 19:43:41 INFO  Example:70 - page verification
2020-12-24 19:44:53 INFO  Example:29 - opening browser with chrome
2020-12-24 19:44:59 INFO  Example:31 - opening osa
2020-12-24 19:45:08 INFO  Example:46 - clicking on forum button
2020-12-24 19:45:08 INFO  Example:51 - entering email
2020-12-24 19:45:10 INFO  Example:61 - entering password
2020-12-24 19:45:10 INFO  Example:70 - page verification
2020-12-24 19:46:25 INFO  Example:29 - opening browser with chrome
2020-12-24 19:46:31 INFO  Example:31 - opening osa
2020-12-24 19:46:47 INFO  Example:46 - clicking on forum button
2020-12-24 19:46:47 INFO  Example:51 - entering email
2020-12-24 19:46:49 INFO  Example:61 - entering password
2020-12-24 19:46:50 INFO  Example:70 - page verification
2020-12-24 19:52:54 INFO  Example:29 - opening browser with chrome
2020-12-24 19:53:00 INFO  Example:31 - opening osa
2020-12-24 20:09:54 INFO  Example:29 - opening browser with chrome
2020-12-24 20:10:00 INFO  Example:31 - opening osa
2020-12-24 20:10:05 INFO  Example:46 - clicking on forum button
2020-12-24 20:10:05 INFO  Example:29 - opening browser with chrome
2020-12-24 20:10:11 INFO  Example:31 - opening osa
2020-12-24 20:10:20 INFO  Example:46 - clicking on forum button
2020-12-24 20:11:49 INFO  Example:29 - opening browser with chrome
2020-12-24 20:11:55 INFO  Example:31 - opening osa
2020-12-24 20:12:06 INFO  Example:46 - clicking on forum button
2020-12-24 20:12:06 INFO  Example:29 - opening browser with chrome
2020-12-24 20:12:12 INFO  Example:31 - opening osa
2020-12-24 20:12:21 INFO  Example:46 - clicking on forum button
2020-12-24 20:13:08 INFO  Example:29 - opening browser with chrome
2020-12-24 20:13:14 INFO  Example:31 - opening osa
2020-12-24 20:13:26 INFO  Example:46 - clicking on forum button
2020-12-24 20:13:26 INFO  Example:29 - opening browser with chrome
2020-12-24 20:13:31 INFO  Example:31 - opening osa
2020-12-24 20:13:36 INFO  Example:46 - clicking on forum button
2020-12-24 20:14:25 INFO  Example:29 - opening browser with chrome
2020-12-24 20:14:31 INFO  Example:31 - opening osa
2020-12-24 20:14:37 INFO  Example:46 - clicking on forum button
2020-12-24 20:14:39 INFO  Example:29 - opening browser with chrome
2020-12-24 20:14:44 INFO  Example:31 - opening osa
2020-12-24 20:15:00 INFO  Example:46 - clicking on forum button
2020-12-24 20:17:18 INFO  Example:29 - opening browser with chrome
2020-12-24 20:17:24 INFO  Example:31 - opening osa
2020-12-24 20:17:32 INFO  Example:46 - clicking on forum button
2020-12-24 20:17:34 INFO  Example:29 - opening browser with chrome
2020-12-24 20:17:40 INFO  Example:31 - opening osa
2020-12-24 20:17:45 INFO  Example:46 - clicking on forum button
2020-12-24 20:19:22 INFO  Example:29 - opening browser with chrome
2020-12-24 20:19:28 INFO  Example:31 - opening osa
2020-12-24 20:19:45 INFO  Example:46 - clicking on forum button
2020-12-24 20:19:45 INFO  Example:51 - entering email
2020-12-24 20:19:47 INFO  Example:79 - entering password
2020-12-24 20:19:47 INFO  Example:88 - page verification
2020-12-24 20:21:03 INFO  Example:29 - opening browser with chrome
2020-12-24 20:21:09 INFO  Example:31 - opening osa
2020-12-24 20:21:36 INFO  Example:46 - clicking on forum button
2020-12-24 20:21:38 INFO  Example:29 - opening browser with chrome
2020-12-24 20:21:43 INFO  Example:31 - opening osa
2020-12-24 20:21:54 INFO  Example:46 - clicking on forum button
2020-12-24 20:23:11 INFO  Example:29 - opening browser with chrome
2020-12-24 20:23:17 INFO  Example:31 - opening osa
2020-12-24 20:23:37 INFO  Example:47 - clicking on forum button
2020-12-24 20:23:39 INFO  Example:29 - opening browser with chrome
2020-12-24 20:23:44 INFO  Example:31 - opening osa
2020-12-24 20:24:24 INFO  Example:47 - clicking on forum button
2020-12-24 20:38:35 INFO  Example:27 - opening browser with chrome
2020-12-24 20:38:42 INFO  Example:29 - opening osa
2020-12-24 20:38:57 INFO  Example:27 - opening browser with chrome
2020-12-24 20:39:02 INFO  Example:29 - opening osa
2020-12-24 20:39:31 INFO  Example:27 - opening browser with chrome
2020-12-24 20:39:36 INFO  Example:29 - opening osa
2020-12-24 20:45:57 INFO  Example:27 - opening browser with chrome
2020-12-24 20:46:04 INFO  Example:29 - opening osa
2020-12-24 20:46:12 INFO  Example:43 - clicking on forum button
2020-12-24 20:46:12 INFO  Example:48 - entering email
2020-12-24 20:46:16 INFO  Example:73 - entering password
2020-12-24 20:46:16 INFO  Example:82 - page verification
2020-12-24 20:50:03 INFO  Example:27 - opening browser with chrome
2020-12-24 20:50:09 INFO  Example:29 - opening osa
2020-12-24 20:50:16 INFO  Example:43 - clicking on forum button
2020-12-24 20:50:16 INFO  Example:48 - entering email
2020-12-24 20:50:20 INFO  Example:73 - entering password
2020-12-24 20:50:20 INFO  Example:82 - page verification
2020-12-24 20:54:23 INFO  Example:28 - opening browser with chrome
2020-12-24 20:54:29 INFO  Example:30 - opening osa
2020-12-24 20:54:37 INFO  Example:44 - clicking on forum button
2020-12-24 20:54:37 INFO  Example:49 - entering email
2020-12-24 20:54:41 INFO  Example:74 - entering password
2020-12-24 20:54:41 INFO  Example:83 - page verification
2020-12-24 21:10:40 INFO  Example:28 - opening browser with chrome
2020-12-24 21:10:46 INFO  Example:30 - opening osa
2020-12-24 21:10:54 INFO  Example:44 - clicking on forum button
2020-12-24 21:10:54 INFO  Example:49 - entering email
2020-12-24 21:10:58 INFO  Example:74 - entering password
2020-12-24 21:10:58 INFO  Example:83 - page verification
2020-12-24 21:14:13 INFO  Example:28 - opening browser with chrome
2020-12-24 21:14:20 INFO  Example:30 - opening osa
2020-12-24 21:14:36 INFO  Example:44 - clicking on forum button
2020-12-24 21:14:36 INFO  Example:49 - entering email
2020-12-24 21:14:40 INFO  Example:74 - entering password
2020-12-24 21:14:40 INFO  Example:83 - page verification
2020-12-24 21:15:09 INFO  Example:28 - opening browser with chrome
2020-12-24 21:15:15 INFO  Example:30 - opening osa
2020-12-24 21:15:22 INFO  Example:44 - clicking on forum button
2020-12-24 21:15:22 INFO  Example:49 - entering email
2020-12-24 21:15:26 INFO  Example:74 - entering password
2020-12-24 21:15:26 INFO  Example:83 - page verification
2020-12-24 21:16:49 INFO  Example:29 - opening browser with chrome
2020-12-24 21:16:55 INFO  Example:31 - opening osa
2020-12-24 21:17:06 INFO  Example:45 - clicking on forum button
2020-12-24 21:17:06 INFO  Example:50 - entering email
2020-12-24 21:17:11 INFO  Example:75 - entering password
2020-12-24 21:17:11 INFO  Example:84 - page verification
2020-12-24 21:20:59 INFO  Example:29 - opening browser with chrome
2020-12-24 21:21:05 INFO  Example:31 - opening osa
2020-12-24 21:21:35 INFO  Example:29 - opening browser with chrome
2020-12-24 21:21:42 INFO  Example:31 - opening osa
2020-12-24 21:21:51 INFO  Example:45 - clicking on forum button
2020-12-24 21:21:51 INFO  Example:50 - entering email
2020-12-24 21:21:55 INFO  Example:75 - entering password
2020-12-24 21:21:55 INFO  Example:84 - page verification
2020-12-24 21:22:48 INFO  Example:29 - opening browser with chrome
2020-12-24 21:22:54 INFO  Example:31 - opening osa
2020-12-24 21:23:19 INFO  Example:45 - clicking on forum button
2020-12-24 21:23:19 INFO  Example:50 - entering email
2020-12-24 21:23:23 INFO  Example:75 - entering password
2020-12-24 21:23:23 INFO  Example:84 - page verification
2020-12-24 22:05:26 INFO  Example:29 - opening browser with chrome
2020-12-24 22:05:32 INFO  Example:31 - opening osa
2020-12-24 22:05:40 INFO  Example:45 - clicking on forum button
2020-12-24 22:05:40 INFO  Example:50 - entering email
2020-12-24 22:13:40 INFO  Example:29 - opening browser with chrome
2020-12-24 22:13:46 INFO  Example:31 - opening osa
2020-12-24 22:15:30 INFO  Example:29 - opening browser with chrome
2020-12-24 22:15:36 INFO  Example:31 - opening osa
